# JRE version: OpenJDK Runtime Environment (8.0_422-b06) (build 1.8.0_422-b06)
# Java VM: OpenJDK 64-Bit Server VM (25.422-b06 mixed mode bsd-aarch64 compressed oops)
Heap:
 PSYoungGen      total 1304576K, used 918170K [0x000000076ab00000, 0x00000007c0000000, 0x00000007c0000000)
  eden space 1264640K, 72% used [0x000000076ab00000,0x00000007a2ba6a68,0x00000007b7e00000)
  from space 39936K, 0% used [0x00000007b7e00000,0x00000007b7e00000,0x00000007ba500000)
  to   space 67072K, 0% used [0x00000007bbe80000,0x00000007bbe80000,0x00000007c0000000)
 ParOldGen       total 211456K, used 210073K [0x00000006c0000000, 0x00000006cce80000, 0x000000076ab00000)
  object space 211456K, 99% used [0x00000006c0000000,0x00000006ccd26788,0x00000006cce80000)
 Metaspace       used 52417K, capacity 52955K, committed 53504K, reserved 1095680K
  class space    used 6415K, capacity 6550K, committed 6656K, reserved 1048576K
GC Heap History (10 events):
Event: 217.144 GC heap before
{Heap before GC invocations=26 (full 5):
 PSYoungGen      total 1304576K, used 39607K [0x000000076ab00000, 0x00000007c0000000, 0x00000007c0000000)
  eden space 1264640K, 0% used [0x000000076ab00000,0x000000076ab00000,0x00000007b7e00000)
  from space 39936K, 99% used [0x00000007b7e00000,0x00000007ba4adec0,0x00000007ba500000)
  to   space 67072K, 0% used [0x00000007bbe80000,0x00000007bbe80000,0x00000007c0000000)
 ParOldGen       total 211456K, used 182355K [0x00000006c0000000, 0x00000006cce80000, 0x000000076ab00000)
  object space 211456K, 86% used [0x00000006c0000000,0x00000006cb214dc0,0x00000006cce80000)
 Metaspace       used 52151K, capacity 52709K, committed 53248K, reserved 1095680K
  class space    used 6405K, capacity 6541K, committed 6656K, reserved 1048576K
Event: 217.368 GC heap after
Heap after GC invocations=26 (full 5):
 PSYoungGen      total 1304576K, used 0K [0x000000076ab00000, 0x00000007c0000000, 0x00000007c0000000)
  eden space 1264640K, 0% used [0x000000076ab00000,0x000000076ab00000,0x00000007b7e00000)
  from space 39936K, 0% used [0x00000007b7e00000,0x00000007b7e00000,0x00000007ba500000)
  to   space 67072K, 0% used [0x00000007bbe80000,0x00000007bbe80000,0x00000007c0000000)
 ParOldGen       total 211456K, used 207428K [0x00000006c0000000, 0x00000006cce80000, 0x000000076ab00000)
  object space 211456K, 98% used [0x00000006c0000000,0x00000006cca91308,0x00000006cce80000)
 Metaspace       used 52151K, capacity 52709K, committed 53248K, reserved 1095680K
  class space    used 6405K, capacity 6541K, committed 6656K, reserved 1048576K
}
Event: 217.494 GC heap before
{Heap before GC invocations=27 (full 6):
 PSYoungGen      total 1304576K, used 81583K [0x000000076ab00000, 0x00000007c0000000, 0x00000007c0000000)
  eden space 1264640K, 6% used [0x000000076ab00000,0x000000076faabef8,0x00000007b7e00000)
  from space 39936K, 0% used [0x00000007b7e00000,0x00000007b7e00000,0x00000007ba500000)
  to   space 67072K, 0% used [0x00000007bbe80000,0x00000007bbe80000,0x00000007c0000000)
 ParOldGen       total 211456K, used 207428K [0x00000006c0000000, 0x00000006cce80000, 0x000000076ab00000)
  object space 211456K, 98% used [0x00000006c0000000,0x00000006cca91308,0x00000006cce80000)
 Metaspace       used 52190K, capacity 52715K, committed 53248K, reserved 1095680K
  class space    used 6408K, capacity 6542K, committed 6656K, reserved 1048576K
Event: 217.598 GC heap after
Heap after GC invocations=27 (full 6):
 PSYoungGen      total 1304576K, used 0K [0x000000076ab00000, 0x00000007c0000000, 0x00000007c0000000)
  eden space 1264640K, 0% used [0x000000076ab00000,0x000000076ab00000,0x00000007b7e00000)
  from space 39936K, 0% used [0x00000007b7e00000,0x00000007b7e00000,0x00000007ba500000)
  to   space 67072K, 0% used [0x00000007bbe80000,0x00000007bbe80000,0x00000007c0000000)
 ParOldGen       total 211456K, used 209567K [0x00000006c0000000, 0x00000006cce80000, 0x000000076ab00000)
  object space 211456K, 99% used [0x00000006c0000000,0x00000006ccca7fe0,0x00000006cce80000)
 Metaspace       used 52190K, capacity 52715K, committed 53248K, reserved 1095680K
  class space    used 6408K, capacity 6542K, committed 6656K, reserved 1048576K
}
Event: 217.611 GC heap before
{Heap before GC invocations=28 (full 7):
 PSYoungGen      total 1304576K, used 17464K [0x000000076ab00000, 0x00000007c0000000, 0x00000007c0000000)
  eden space 1264640K, 1% used [0x000000076ab00000,0x000000076bc0e070,0x00000007b7e00000)
  from space 39936K, 0% used [0x00000007b7e00000,0x00000007b7e00000,0x00000007ba500000)
  to   space 67072K, 0% used [0x00000007bbe80000,0x00000007bbe80000,0x00000007c0000000)
 ParOldGen       total 211456K, used 209567K [0x00000006c0000000, 0x00000006cce80000, 0x000000076ab00000)
  object space 211456K, 99% used [0x00000006c0000000,0x00000006ccca7fe0,0x00000006cce80000)
 Metaspace       used 52190K, capacity 52715K, committed 53248K, reserved 1095680K
  class space    used 6408K, capacity 6542K, committed 6656K, reserved 1048576K
Event: 217.678 GC heap after
Heap after GC invocations=28 (full 7):
 PSYoungGen      total 1304576K, used 0K [0x000000076ab00000, 0x00000007c0000000, 0x00000007c0000000)
  eden space 1264640K, 0% used [0x000000076ab00000,0x000000076ab00000,0x00000007b7e00000)
  from space 39936K, 0% used [0x00000007b7e00000,0x00000007b7e00000,0x00000007ba500000)
  to   space 67072K, 0% used [0x00000007bbe80000,0x00000007bbe80000,0x00000007c0000000)
 ParOldGen       total 211456K, used 209701K [0x00000006c0000000, 0x00000006cce80000, 0x000000076ab00000)
  object space 211456K, 99% used [0x00000006c0000000,0x00000006cccc94f8,0x00000006cce80000)
 Metaspace       used 52190K, capacity 52715K, committed 53248K, reserved 1095680K
  class space    used 6408K, capacity 6542K, committed 6656K, reserved 1048576K
}
Event: 217.690 GC heap before
{Heap before GC invocations=29 (full 8):
 PSYoungGen      total 1304576K, used 17464K [0x000000076ab00000, 0x00000007c0000000, 0x00000007c0000000)
  eden space 1264640K, 1% used [0x000000076ab00000,0x000000076bc0e070,0x00000007b7e00000)
  from space 39936K, 0% used [0x00000007b7e00000,0x00000007b7e00000,0x00000007ba500000)
  to   space 67072K, 0% used [0x00000007bbe80000,0x00000007bbe80000,0x00000007c0000000)
 ParOldGen       total 211456K, used 209701K [0x00000006c0000000, 0x00000006cce80000, 0x000000076ab00000)
  object space 211456K, 99% used [0x00000006c0000000,0x00000006cccc94f8,0x00000006cce80000)
 Metaspace       used 52190K, capacity 52715K, committed 53248K, reserved 1095680K
  class space    used 6408K, capacity 6542K, committed 6656K, reserved 1048576K
Event: 217.749 GC heap after
Heap after GC invocations=29 (full 8):
 PSYoungGen      total 1304576K, used 0K [0x000000076ab00000, 0x00000007c0000000, 0x00000007c0000000)
  eden space 1264640K, 0% used [0x000000076ab00000,0x000000076ab00000,0x00000007b7e00000)
  from space 39936K, 0% used [0x00000007b7e00000,0x00000007b7e00000,0x00000007ba500000)
  to   space 67072K, 0% used [0x00000007bbe80000,0x00000007bbe80000,0x00000007c0000000)
 ParOldGen       total 211456K, used 209886K [0x00000006c0000000, 0x00000006cce80000, 0x000000076ab00000)
  object space 211456K, 99% used [0x00000006c0000000,0x00000006cccf7830,0x00000006cce80000)
 Metaspace       used 52190K, capacity 52715K, committed 53248K, reserved 1095680K
  class space    used 6408K, capacity 6542K, committed 6656K, reserved 1048576K
}
Event: 217.761 GC heap before
{Heap before GC invocations=30 (full 9):
 PSYoungGen      total 1304576K, used 17464K [0x000000076ab00000, 0x00000007c0000000, 0x00000007c0000000)
  eden space 1264640K, 1% used [0x000000076ab00000,0x000000076bc0e070,0x00000007b7e00000)
  from space 39936K, 0% used [0x00000007b7e00000,0x00000007b7e00000,0x00000007ba500000)
  to   space 67072K, 0% used [0x00000007bbe80000,0x00000007bbe80000,0x00000007c0000000)
 ParOldGen       total 211456K, used 209886K [0x00000006c0000000, 0x00000006cce80000, 0x000000076ab00000)
  object space 211456K, 99% used [0x00000006c0000000,0x00000006cccf7830,0x00000006cce80000)
 Metaspace       used 52191K, capacity 52715K, committed 53248K, reserved 1095680K
  class space    used 6408K, capacity 6542K, committed 6656K, reserved 1048576K
Event: 217.818 GC heap after
Heap after GC invocations=30 (full 9):
 PSYoungGen      total 1304576K, used 0K [0x000000076ab00000, 0x00000007c0000000, 0x00000007c0000000)
  eden space 1264640K, 0% used [0x000000076ab00000,0x000000076ab00000,0x00000007b7e00000)
  from space 39936K, 0% used [0x00000007b7e00000,0x00000007b7e00000,0x00000007ba500000)
  to   space 67072K, 0% used [0x00000007bbe80000,0x00000007bbe80000,0x00000007c0000000)
 ParOldGen       total 211456K, used 210073K [0x00000006c0000000, 0x00000006cce80000, 0x000000076ab00000)
  object space 211456K, 99% used [0x00000006c0000000,0x00000006ccd26788,0x00000006cce80000)
 Metaspace       used 52191K, capacity 52715K, committed 53248K, reserved 1095680K
  class space    used 6408K, capacity 6542K, committed 6656K, reserved 1048576K
}

