# JRE version: OpenJDK Runtime Environment (8.0_422-b06) (build 1.8.0_422-b06)
# Java VM: OpenJDK 64-Bit Server VM (25.422-b06 mixed mode bsd-amd64 compressed oops)
Heap:
 PSYoungGen      total 513536K, used 138272K [0x000000076ab00000, 0x00000007a9a00000, 0x00000007c0000000)
  eden space 471552K, 29% used [0x000000076ab00000,0x0000000773208098,0x0000000787780000)
  from space 41984K, 0% used [0x0000000787780000,0x0000000787780000,0x000000078a080000)
  to   space 44032K, 0% used [0x00000007a6f00000,0x00000007a6f00000,0x00000007a9a00000)
 ParOldGen       total 165376K, used 69839K [0x00000006c0000000, 0x00000006ca180000, 0x000000076ab00000)
  object space 165376K, 42% used [0x00000006c0000000,0x00000006c4433ea0,0x00000006ca180000)
 Metaspace       used 23417K, capacity 23591K, committed 23936K, reserved 1071104K
  class space    used 3043K, capacity 3114K, committed 3200K, reserved 1048576K
GC Heap History (10 events):
Event: 4.474 GC heap before
{Heap before GC invocations=7 (full 1):
 PSYoungGen      total 141824K, used 141821K [0x000000076ab00000, 0x000000077c000000, 0x00000007c0000000)
  eden space 131072K, 100% used [0x000000076ab00000,0x0000000772b00000,0x0000000772b00000)
  from space 10752K, 99% used [0x0000000772b00000,0x000000077357f798,0x0000000773580000)
  to   space 10752K, 0% used [0x000000077b580000,0x000000077b580000,0x000000077c000000)
 ParOldGen       total 175104K, used 44897K [0x00000006c0000000, 0x00000006cab00000, 0x000000076ab00000)
  object space 175104K, 25% used [0x00000006c0000000,0x00000006c2bd8478,0x00000006cab00000)
 Metaspace       used 17546K, capacity 17782K, committed 18048K, reserved 1064960K
  class space    used 2021K, capacity 2122K, committed 2176K, reserved 1048576K
Event: 4.493 GC heap after
Heap after GC invocations=7 (full 1):
 PSYoungGen      total 249856K, used 10742K [0x000000076ab00000, 0x000000077ed00000, 0x00000007c0000000)
  eden space 239104K, 0% used [0x000000076ab00000,0x000000076ab00000,0x0000000779480000)
  from space 10752K, 99% used [0x000000077b580000,0x000000077bffd928,0x000000077c000000)
  to   space 33792K, 0% used [0x0000000779480000,0x0000000779480000,0x000000077b580000)
 ParOldGen       total 175104K, used 61820K [0x00000006c0000000, 0x00000006cab00000, 0x000000076ab00000)
  object space 175104K, 35% used [0x00000006c0000000,0x00000006c3c5f1b8,0x00000006cab00000)
 Metaspace       used 17546K, capacity 17782K, committed 18048K, reserved 1064960K
  class space    used 2021K, capacity 2122K, committed 2176K, reserved 1048576K
}
Event: 5.423 GC heap before
{Heap before GC invocations=8 (full 1):
 PSYoungGen      total 249856K, used 249846K [0x000000076ab00000, 0x000000077ed00000, 0x00000007c0000000)
  eden space 239104K, 100% used [0x000000076ab00000,0x0000000779480000,0x0000000779480000)
  from space 10752K, 99% used [0x000000077b580000,0x000000077bffd928,0x000000077c000000)
  to   space 33792K, 0% used [0x0000000779480000,0x0000000779480000,0x000000077b580000)
 ParOldGen       total 175104K, used 61820K [0x00000006c0000000, 0x00000006cab00000, 0x000000076ab00000)
  object space 175104K, 35% used [0x00000006c0000000,0x00000006c3c5f1b8,0x00000006cab00000)
 Metaspace       used 19011K, capacity 19222K, committed 19584K, reserved 1067008K
  class space    used 2277K, capacity 2346K, committed 2432K, reserved 1048576K
Event: 5.440 GC heap after
Heap after GC invocations=8 (full 1):
 PSYoungGen      total 272896K, used 26080K [0x000000076ab00000, 0x000000078c300000, 0x00000007c0000000)
  eden space 239104K, 0% used [0x000000076ab00000,0x000000076ab00000,0x0000000779480000)
  from space 33792K, 77% used [0x0000000779480000,0x000000077adf83c0,0x000000077b580000)
  to   space 35328K, 0% used [0x000000078a080000,0x000000078a080000,0x000000078c300000)
 ParOldGen       total 175104K, used 61828K [0x00000006c0000000, 0x00000006cab00000, 0x000000076ab00000)
  object space 175104K, 35% used [0x00000006c0000000,0x00000006c3c611b8,0x00000006cab00000)
 Metaspace       used 19011K, capacity 19222K, committed 19584K, reserved 1067008K
  class space    used 2277K, capacity 2346K, committed 2432K, reserved 1048576K
}
Event: 6.038 GC heap before
{Heap before GC invocations=9 (full 1):
 PSYoungGen      total 272896K, used 265184K [0x000000076ab00000, 0x000000078c300000, 0x00000007c0000000)
  eden space 239104K, 100% used [0x000000076ab00000,0x0000000779480000,0x0000000779480000)
  from space 33792K, 77% used [0x0000000779480000,0x000000077adf83c0,0x000000077b580000)
  to   space 35328K, 0% used [0x000000078a080000,0x000000078a080000,0x000000078c300000)
 ParOldGen       total 175104K, used 61828K [0x00000006c0000000, 0x00000006cab00000, 0x000000076ab00000)
  object space 175104K, 35% used [0x00000006c0000000,0x00000006c3c611b8,0x00000006cab00000)
 Metaspace       used 20617K, capacity 20886K, committed 21248K, reserved 1067008K
  class space    used 2624K, capacity 2730K, committed 2816K, reserved 1048576K
Event: 6.079 GC heap after
Heap after GC invocations=9 (full 1):
 PSYoungGen      total 506880K, used 35309K [0x000000076ab00000, 0x000000078d000000, 0x00000007c0000000)
  eden space 471552K, 0% used [0x000000076ab00000,0x000000076ab00000,0x0000000787780000)
  from space 35328K, 99% used [0x000000078a080000,0x000000078c2fb7a8,0x000000078c300000)
  to   space 41984K, 0% used [0x0000000787780000,0x0000000787780000,0x000000078a080000)
 ParOldGen       total 175104K, used 66936K [0x00000006c0000000, 0x00000006cab00000, 0x000000076ab00000)
  object space 175104K, 38% used [0x00000006c0000000,0x00000006c415e060,0x00000006cab00000)
 Metaspace       used 20617K, capacity 20886K, committed 21248K, reserved 1067008K
  class space    used 2624K, capacity 2730K, committed 2816K, reserved 1048576K
}
Event: 6.146 GC heap before
{Heap before GC invocations=10 (full 1):
 PSYoungGen      total 506880K, used 63800K [0x000000076ab00000, 0x000000078d000000, 0x00000007c0000000)
  eden space 471552K, 6% used [0x000000076ab00000,0x000000076c6d2af8,0x0000000787780000)
  from space 35328K, 99% used [0x000000078a080000,0x000000078c2fb7a8,0x000000078c300000)
  to   space 41984K, 0% used [0x0000000787780000,0x0000000787780000,0x000000078a080000)
 ParOldGen       total 175104K, used 66936K [0x00000006c0000000, 0x00000006cab00000, 0x000000076ab00000)
  object space 175104K, 38% used [0x00000006c0000000,0x00000006c415e060,0x00000006cab00000)
 Metaspace       used 20899K, capacity 21142K, committed 21248K, reserved 1067008K
  class space    used 2679K, capacity 2794K, committed 2816K, reserved 1048576K
Event: 6.166 GC heap after
Heap after GC invocations=10 (full 1):
 PSYoungGen      total 513536K, used 32625K [0x000000076ab00000, 0x00000007a9a00000, 0x00000007c0000000)
  eden space 471552K, 0% used [0x000000076ab00000,0x000000076ab00000,0x0000000787780000)
  from space 41984K, 77% used [0x0000000787780000,0x000000078975c618,0x000000078a080000)
  to   space 44032K, 0% used [0x00000007a6f00000,0x00000007a6f00000,0x00000007a9a00000)
 ParOldGen       total 175104K, used 70590K [0x00000006c0000000, 0x00000006cab00000, 0x000000076ab00000)
  object space 175104K, 40% used [0x00000006c0000000,0x00000006c44ef9b0,0x00000006cab00000)
 Metaspace       used 20899K, capacity 21142K, committed 21248K, reserved 1067008K
  class space    used 2679K, capacity 2794K, committed 2816K, reserved 1048576K
}
Event: 6.166 GC heap before
{Heap before GC invocations=11 (full 2):
 PSYoungGen      total 513536K, used 32625K [0x000000076ab00000, 0x00000007a9a00000, 0x00000007c0000000)
  eden space 471552K, 0% used [0x000000076ab00000,0x000000076ab00000,0x0000000787780000)
  from space 41984K, 77% used [0x0000000787780000,0x000000078975c618,0x000000078a080000)
  to   space 44032K, 0% used [0x00000007a6f00000,0x00000007a6f00000,0x00000007a9a00000)
 ParOldGen       total 175104K, used 70590K [0x00000006c0000000, 0x00000006cab00000, 0x000000076ab00000)
  object space 175104K, 40% used [0x00000006c0000000,0x00000006c44ef9b0,0x00000006cab00000)
 Metaspace       used 20899K, capacity 21142K, committed 21248K, reserved 1067008K
  class space    used 2679K, capacity 2794K, committed 2816K, reserved 1048576K
Event: 6.248 GC heap after
Heap after GC invocations=11 (full 2):
 PSYoungGen      total 513536K, used 0K [0x000000076ab00000, 0x00000007a9a00000, 0x00000007c0000000)
  eden space 471552K, 0% used [0x000000076ab00000,0x000000076ab00000,0x0000000787780000)
  from space 41984K, 0% used [0x0000000787780000,0x0000000787780000,0x000000078a080000)
  to   space 44032K, 0% used [0x00000007a6f00000,0x00000007a6f00000,0x00000007a9a00000)
 ParOldGen       total 165376K, used 69839K [0x00000006c0000000, 0x00000006ca180000, 0x000000076ab00000)
  object space 165376K, 42% used [0x00000006c0000000,0x00000006c4433ea0,0x00000006ca180000)
 Metaspace       used 20899K, capacity 21142K, committed 21248K, reserved 1067008K
  class space    used 2679K, capacity 2794K, committed 2816K, reserved 1048576K
}

